make all --print-data-base --no-builtin-variables --no-builtin-rules --question
# GNU Make 3.81
# Copyright (C) 2006  Free Software Foundation, Inc.
# This is free software; see the source for copying conditions.
# There is NO warranty; not even for MERCHANTABILITY or FITNESS FOR A
# PARTICULAR PURPOSE.

# This program built for i386-apple-darwin11.3.0

# Make data base, printed on Tue Oct 31 21:57:31 2023

# Variables

# automatic
<D = $(patsubst %/,%,$(dir $<))
# automatic
?F = $(notdir $?)
# makefile (from `Makefile', line 15)
OBJ = ${SRC:%.cpp=%.o}
# environment
VSCODE_CRASH_REPORTER_PROCESS_TYPE = extensionHost
# makefile (from `Makefile', line 4)
SRC = Webserv.cpp Configue/srcs/Server.cpp Configue/srcs/Location.cpp Configue/srcs/Parser.cpp Configue/srcs/Syntax.cpp Multiplexing/Socket.cpp Multiplexing/Multiplexing.cpp Multiplexing/Client.cpp request/request.cpp request/tools.cpp
# automatic
?D = $(patsubst %/,%,$(dir $?))
# makefile (from `Makefile', line 3)
CPPFLAGS = -Wall -Wextra -Werror
# automatic
@D = $(patsubst %/,%,$(dir $@))
# automatic
@F = $(notdir $@)
# makefile
CURDIR := /goinfre/wlahyani/web
# makefile
SHELL = /bin/sh
# environment
VSCODE_NLS_CONFIG = {"locale":"en-us","osLocale":"en","availableLanguages":{},"_languagePackSupport":true}
# environment
_ = /usr/bin/make
# makefile (from `Makefile', line 1)
MAKEFILE_LIST :=  Makefile
# environment
VSCODE_CWD = /
# environment
Apple_PubSub_Socket_Render = /private/tmp/com.apple.launchd.vLDcRuMsiU/Render
# environment
PATH = /usr/bin:/bin:/usr/sbin:/sbin
# environment
ELECTRON_RUN_AS_NODE = 1
# default
.FEATURES := target-specific order-only second-expansion else-if archives jobserver check-symlink
# environment
SSH_AUTH_SOCK = /private/tmp/com.apple.launchd.J8o9i0BIWI/Listeners
# automatic
%F = $(notdir $%)
# environment
PWD = /goinfre/wlahyani/web
# environment
ORIGINAL_XDG_CURRENT_DESKTOP = undefined
# environment
VSCODE_AMD_ENTRYPOINT = vs/workbench/api/node/extensionHostProcess
# environment
HOME = /Users/wlahyani
# default
MAKEFILEPATH := /Applications/Xcode.app/Contents/Developer/Makefiles
# environment
VSCODE_CODE_CACHE_PATH = /Users/wlahyani/Library/Application Support/Code/CachedData/e7e037083ff4455cf320e344325dacb480062c3c
# environment
LOGNAME = wlahyani
# environment
APPLICATION_INSIGHTS_NO_DIAGNOSTIC_CHANNEL = 1
# environment
VSCODE_HANDLES_UNCAUGHT_ERRORS = true
# automatic
^D = $(patsubst %/,%,$(dir $^))
# environment
XPC_FLAGS = 0x0
# default
MAKE = $(MAKE_COMMAND)
# default
MAKECMDGOALS := all
# environment
SHLVL = 1
# default
MAKE_VERSION := 3.81
# environment
USER = wlahyani
# makefile
.DEFAULT_GOAL := all
# makefile (from `Makefile', line 1)
NAME = webserv
# automatic
%D = $(patsubst %/,%,$(dir $%))
# default
MAKE_COMMAND := /Applications/Xcode.app/Contents/Developer/usr/bin/make
# default
.VARIABLES := 
# environment
TMPDIR = /var/folders/zz/zyxvpxvq6csfxvn_n0000gtr0003yp/T/
# automatic
*F = $(notdir $*)
# environment
VSCODE_IPC_HOOK = /Users/wlahyani/Library/Application Support/Code/1.83-main.sock
# environment
MallocNanoZone = 0
# makefile
MAKEFLAGS = Rrqp
# environment
MFLAGS = -Rrqp
# automatic
*D = $(patsubst %/,%,$(dir $*))
# environment
XPC_SERVICE_NAME = com.microsoft.VSCode.3904
# automatic
+D = $(patsubst %/,%,$(dir $+))
# automatic
+F = $(notdir $+)
# environment
__CF_USER_TEXT_ENCODING = 0xFD6:0:0
# default
MAKEFILES := 
# automatic
<F = $(notdir $<)
# makefile (from `Makefile', line 2)
CXX = c++
# environment
LC_ALL = C
# automatic
^F = $(notdir $^)
# default
SUFFIXES := 
# default
.INCLUDE_DIRS = /usr/local/include
# environment
MAKELEVEL := 0
# environment
LANG = C
# environment
VSCODE_PID = 10660
# variable set hash-table stats:
# Load=63/1024=6%, Rehash=0, Collisions=3/91=3%

# Pattern-specific Variable Values

# No pattern-specific variable values.

# Directories

# . (device 16777223, inode 12910460323): 15 files, no impossibilities.
# request (device 16777223, inode 12910460410): 6 files, no impossibilities so far.
# Multiplexing (device 16777223, inode 12910460400): 9 files, no impossibilities so far.
# Configue/srcs (device 16777223, inode 12910460394): 10 files, no impossibilities so far.

# 40 files, no impossibilities in 4 directories.

# Implicit Rules

%.o: %.cpp
#  commands to execute (from `Makefile', line 20):
	$(CXX) $(CPPFLAGS) -c $< -o $@
	

# 1 implicit rules, 0 (0.0%) terminal.

# Files

Configue/srcs/Server.o: Configue/srcs/Server.cpp
#  Implicit rule search has been done.
#  Implicit/static pattern stem: `Configue/srcs/Server'
#  Last modified 2023-10-31 21:56:26
#  File has been updated.
#  Successfully updated.
# variable set hash-table stats:
# Load=0/32=0%, Rehash=0, Collisions=0/0=0%
#  commands to execute (from `Makefile', line 20):
	$(CXX) $(CPPFLAGS) -c $< -o $@
	

Configue/srcs/Location.o: Configue/srcs/Location.cpp
#  Implicit rule search has been done.
#  Implicit/static pattern stem: `Configue/srcs/Location'
#  Last modified 2023-10-31 21:56:26
#  File has been updated.
#  Successfully updated.
# variable set hash-table stats:
# Load=0/32=0%, Rehash=0, Collisions=0/0=0%
#  commands to execute (from `Makefile', line 20):
	$(CXX) $(CPPFLAGS) -c $< -o $@
	

Multiplexing/Client.o: Multiplexing/Client.cpp
#  Implicit rule search has been done.
#  Implicit/static pattern stem: `Multiplexing/Client'
#  Last modified 2023-10-31 21:56:28
#  File has been updated.
#  Successfully updated.
# variable set hash-table stats:
# Load=0/32=0%, Rehash=0, Collisions=0/0=0%
#  commands to execute (from `Makefile', line 20):
	$(CXX) $(CPPFLAGS) -c $< -o $@
	

# Not a target:
Configue/srcs/Syntax.cpp:
#  Implicit rule search has been done.
#  Last modified 2023-10-31 21:56:17
#  File has been updated.
#  Successfully updated.
# variable set hash-table stats:
# Load=0/32=0%, Rehash=0, Collisions=0/0=0%

Webserv.o: Webserv.cpp
#  Implicit rule search has been done.
#  Implicit/static pattern stem: `Webserv'
#  Last modified 2023-10-31 21:56:26
#  File has been updated.
#  Successfully updated.
# variable set hash-table stats:
# Load=0/32=0%, Rehash=0, Collisions=0/0=0%
#  commands to execute (from `Makefile', line 20):
	$(CXX) $(CPPFLAGS) -c $< -o $@
	

all: webserv
#  Command-line target.
#  Implicit rule search has been done.
#  File does not exist.
#  File has been updated.
#  Successfully updated.
# variable set hash-table stats:
# Load=0/32=0%, Rehash=0, Collisions=0/0=0%

webserv: Webserv.o Configue/srcs/Server.o Configue/srcs/Location.o Configue/srcs/Parser.o Configue/srcs/Syntax.o Multiplexing/Socket.o Multiplexing/Multiplexing.o Multiplexing/Client.o request/request.o request/tools.o
#  Implicit rule search has not been done.
#  Last modified 2023-10-31 21:56:32
#  File has been updated.
#  Successfully updated.
# variable set hash-table stats:
# Load=0/32=0%, Rehash=0, Collisions=0/0=0%
#  commands to execute (from `Makefile', line 23):
	$(CXX) $(CPPFLAGS)  $(SRC) -o $(NAME)
	

request/tools.o: request/tools.cpp
#  Implicit rule search has been done.
#  Implicit/static pattern stem: `request/tools'
#  Last modified 2023-10-31 21:56:29
#  File has been updated.
#  Successfully updated.
# variable set hash-table stats:
# Load=0/32=0%, Rehash=0, Collisions=0/0=0%
#  commands to execute (from `Makefile', line 20):
	$(CXX) $(CPPFLAGS) -c $< -o $@
	

Multiplexing/Multiplexing.o: Multiplexing/Multiplexing.cpp
#  Implicit rule search has been done.
#  Implicit/static pattern stem: `Multiplexing/Multiplexing'
#  Last modified 2023-10-31 21:56:28
#  File has been updated.
#  Successfully updated.
# variable set hash-table stats:
# Load=0/32=0%, Rehash=0, Collisions=0/0=0%
#  commands to execute (from `Makefile', line 20):
	$(CXX) $(CPPFLAGS) -c $< -o $@
	

# Not a target:
.SUFFIXES:
#  Implicit rule search has not been done.
#  Modification time never checked.
#  File has not been updated.

# Not a target:
Makefile:
#  Implicit rule search has been done.
#  Last modified 2023-10-31 21:56:17
#  File has been updated.
#  Successfully updated.
# variable set hash-table stats:
# Load=0/32=0%, Rehash=0, Collisions=0/0=0%

request/request.o: request/request.cpp
#  Implicit rule search has been done.
#  Implicit/static pattern stem: `request/request'
#  Last modified 2023-10-31 21:56:28
 
#  File has been updated.
#  Successfully updated.
# variable set hash-table stats:
# Load=0/32=0%, Rehash=0, Collisions=0/0=0%
#  commands to execute (from `Makefile', line 20):
	$(CXX) $(CPPFLAGS) -c $< -o $@
	

# Not a target:
Multiplexing/Socket.cpp:
#  Implicit rule search has been done.
#  Last modified 2023-10-31 21:56:17
#  File has been updated.
#  Successfully updated.
# variable set hash-table stats:
# Load=0/32=0%, Rehash=0, Collisions=0/0=0%

fclean: clean
#  Implicit rule search has not been done.
#  Modification time never checked.
#  File has not been updated.
#  commands to execute (from `Makefile', line 29):
	rm -rf  $(NAME) 
	

# Not a target:
Configue/srcs/Parser.cpp:
#  Implicit rule search has been done.
#  Last modified 2023-10-31 21:56:17
#  File has been updated.
#  Successfully updated.
# variable set hash-table stats:
# Load=0/32=0%, Rehash=0, Collisions=0/0=0%

Configue/srcs/Syntax.o: Configue/srcs/Syntax.cpp
#  Implicit rule search has been done.
#  Implicit/static pattern stem: `Configue/srcs/Syntax'
#  Last modified 2023-10-31 21:56:27
#  File has been updated.
#  Successfully updated.
# variable set hash-table stats:
# Load=0/32=0%, Rehash=0, Collisions=0/0=0%
#  commands to execute (from `Makefile', line 20):
	$(CXX) $(CPPFLAGS) -c $< -o $@
	

# Not a target:
Configue/srcs/Server.cpp:
#  Implicit rule search has been done.
#  Last modified 2023-10-31 21:56:17
#  File has been updated.
#  Successfully updated.
# variable set hash-table stats:
# Load=0/32=0%, Rehash=0, Collisions=0/0=0%

# Not a target:
.DEFAULT:
#  Implicit rule search has not been done.
#  Modification time never checked.
#  File has not been updated.

# Not a target:
Configue/srcs/Location.cpp:
#  Implicit rule search has been done.
#  Last modified 2023-10-31 21:56:17
#  File has been updated.
#  Successfully updated.
# variable set hash-table stats:
# Load=0/32=0%, Rehash=0, Collisions=0/0=0%

# Not a target:
Multiplexing/Client.cpp:
#  Implicit rule search has been done.
#  Last modified 2023-10-31 21:56:17
#  File has been updated.
#  Successfully updated.
# variable set hash-table stats:
# Load=0/32=0%, Rehash=0, Collisions=0/0=0%

re: fclean all
#  Implicit rule search has not been done.
#  Modification time never checked.
#  File has not been updated.

# Not a target:
Webserv.cpp:
#  Implicit rule search has been done.
#  Last modified 2023-10-31 21:56:17
#  File has been updated.
#  Successfully updated.
# variable set hash-table stats:
# Load=0/32=0%, Rehash=0, Collisions=0/0=0%

clean:
#  Implicit rule search has not been done.
#  Modification time never checked.
#  File has not been updated.
#  commands to execute (from `Makefile', line 26):
	rm -rf $(OBJ) 
	

# Not a target:
request/tools.cpp:
#  Implicit rule search has been done.
#  Last modified 2023-10-31 21:56:17
#  File has been updated.
#  Successfully updated.
# variable set hash-table stats:
# Load=0/32=0%, Rehash=0, Collisions=0/0=0%

# Not a target:
Multiplexing/Multiplexing.cpp:
#  Implicit rule search has been done.
#  Last modified 2023-10-31 21:56:17
#  File has been updated.
#  Successfully updated.
# variable set hash-table stats:
# Load=0/32=0%, Rehash=0, Collisions=0/0=0%

Multiplexing/Socket.o: Multiplexing/Socket.cpp
#  Implicit rule search has been done.
#  Implicit/static pattern stem: `Multiplexing/Socket'
#  Last modified 2023-10-31 21:56:27
#  File has been updated.
#  Successfully updated.
# variable set hash-table stats:
# Load=0/32=0%, Rehash=0, Collisions=0/0=0%
#  commands to execute (from `Makefile', line 20):
	$(CXX) $(CPPFLAGS) -c $< -o $@
	

Configue/srcs/Parser.o: Configue/srcs/Parser.cpp
#  Implicit rule search has been done.
#  Implicit/static pattern stem: `Configue/srcs/Parser'
#  Last modified 2023-10-31 21:56:27
#  File has been updated.
#  Successfully updated.
# variable set hash-table stats:
# Load=0/32=0%, Rehash=0, Collisions=0/0=0%
#  commands to execute (from `Makefile', line 20):
	$(CXX) $(CPPFLAGS) -c $< -o $@
	

# Not a target:
request/request.cpp:
#  Implicit rule search has been done.
#  Last modified 2023-10-31 21:56:17
#  File has been updated.
#  Successfully updated.
# variable set hash-table stats:
# Load=0/32=0%, Rehash=0, Collisions=0/0=0%

# files hash-table stats:
# Load=28/1024=3%, Rehash=0, Collisions=0/85=0%
# VPATH Search Paths

# No `vpath' search paths.

# No general (`VPATH' variable) search path.

# # of strings in strcache: 1
# # of strcache buffers: 1
# strcache size: total = 4096 / max = 4096 / min = 4096 / avg = 4096
# strcache free: total = 4087 / max = 4087 / min = 4087 / avg = 4087

# Finished Make data base on Tue Oct 31 21:57:31 2023

 
